#
# There is insufficient memory for the Java Runtime Environment to continue.
# Native memory allocation (mmap) failed to map 266338304 bytes for Failed to commit area from 0x0000000703200000 to 0x0000000713000000 of length 266338304.
# Possible reasons:
#   The system is out of physical RAM or swap space
#   The process is running with CompressedOops enabled, and the Java Heap may be blocking the growth of the native heap
# Possible solutions:
#   Reduce memory load on the system
#   Increase physical memory or swap space
#   Check if swap backing store is full
#   Decrease Java heap size (-Xmx/-Xms)
#   Decrease number of Java threads
#   Decrease Java thread stack sizes (-Xss)
#   Set larger code cache with -XX:ReservedCodeCacheSize=
# This output file may be truncated or incomplete.
#
#  Out of Memory Error (src/hotspot/os/windows/os_windows.cpp:3624), pid=3992, tid=14236
#
# JRE version:  (11.0.14.1+1) (build )
# Java VM: OpenJDK 64-Bit Server VM (11.0.14.1+1-b2043.25, mixed mode, sharing, tiered, compressed oops, g1 gc, windows-amd64)
# No core dump will be written. Minidumps are not enabled by default on client versions of Windows
#

---------------  S U M M A R Y ------------

Command Line: git4idea.http.GitAskPassApp Username for 'https://gitee.com': 

Host: 11th Gen Intel(R) Core(TM) i5-1135G7 @ 2.40GHz, 8 cores, 15G,  Windows 10 , 64 bit Build 19041 (10.0.19041.1889)
Time: Tue Sep 13 16:06:25 2022 中国标准时间 elapsed time: 0.017989 seconds (0d 0h 0m 0s)

---------------  T H R E A D  ---------------

Current thread (0x000001d9eb9b3000):  JavaThread "Unknown thread" [_thread_in_vm, id=14236, stack(0x0000008cbea00000,0x0000008cbeb00000)]

Stack: [0x0000008cbea00000,0x0000008cbeb00000]
Native frames: (J=compiled Java code, j=interpreted, Vv=VM code, C=native code)
V  [jvm.dll+0x61618a]
V  [jvm.dll+0x79c450]
V  [jvm.dll+0x79da6d]
V  [jvm.dll+0x79e143]
V  [jvm.dll+0x24c968]
V  [jvm.dll+0x6131f4]
V  [jvm.dll+0x607ef5]
V  [jvm.dll+0x30b35b]
V  [jvm.dll+0x30b2ca]
V  [jvm.dll+0x30b1a2]
V  [jvm.dll+0x3100f6]
V  [jvm.dll+0x35b7e3]
V  [jvm.dll+0x35bee6]
V  [jvm.dll+0x35b8e3]
V  [jvm.dll+0x2e5b68]
V  [jvm.dll+0x2e6d17]
V  [jvm.dll+0x779087]
V  [jvm.dll+0x77a87c]
V  [jvm.dll+0x368d99]
V  [jvm.dll+0x75c9de]
V  [jvm.dll+0x3d6d53]
V  [jvm.dll+0x3d92f1]
C  [jli.dll+0x536b]
C  [ucrtbase.dll+0x21bb2]
C  [KERNEL32.DLL+0x17034]
C  [ntdll.dll+0x52651]


---------------  P R O C E S S  ---------------

Threads class SMR info:
_java_thread_list=0x000001d9ea091450, length=0, elements={
}

Java Threads: ( => current thread )

Other Threads:
  0x000001d9eb9ca800 GCTaskThread "GC Thread#0" [stack: 0x0000008cbeb00000,0x0000008cbec00000] [id=33684]
  0x000001d9eba2a000 ConcurrentGCThread "G1 Main Marker" [stack: 0x0000008cbec00000,0x0000008cbed00000] [id=31244]
  0x000001d9eba2b800 ConcurrentGCThread "G1 Conc#0" [stack: 0x0000008cbed00000,0x0000008cbee00000] [id=11984]

[error occurred during error reporting (printing all threads), id 0xc0000005, EXCEPTION_ACCESS_VIOLATION (0xc0000005) at pc=0x00007ffc39d16177]

VM state:not at safepoint (not fully initialized)

VM Mutex/Monitor currently owned by a thread:  ([mutex/lock_event])
[0x000001d9eb9ad710] Heap_lock - owner thread: 0x000001d9eb9b3000

Heap address: 0x0000000703200000, size: 4046 MB, Compressed Oops mode: Non-zero based: 0x0000000703200000
Narrow klass base: 0x0000000000000000, Narrow klass shift: 0

GC Heap History (0 events):
No events

Deoptimization events (0 events):
No events

Classes redefined (0 events):
No events

Internal exceptions (0 events):
No events

Events (1 events):
Event: 0.010 Loaded shared library C:\Program Files\JetBrains\PyCharm Community Edition 2021.1.3\jbr\bin\zip.dll


Dynamic libraries:
0x00007ff66cc90000 - 0x00007ff66cc9a000 	C:\Program Files\JetBrains\PyCharm Community Edition 2021.1.3\jbr\bin\java.exe
0x00007ffccb930000 - 0x00007ffccbb28000 	C:\Windows\SYSTEM32\ntdll.dll
0x00007ffcc9d90000 - 0x00007ffcc9e4d000 	C:\Windows\System32\KERNEL32.DLL
0x00007ffcc9050000 - 0x00007ffcc931e000 	C:\Windows\System32\KERNELBASE.dll
0x00007ffcc9560000 - 0x00007ffcc9660000 	C:\Windows\System32\ucrtbase.dll
0x00007ffca48c0000 - 0x00007ffca48d9000 	C:\Program Files\JetBrains\PyCharm Community Edition 2021.1.3\jbr\bin\jli.dll
0x00007ffca15a0000 - 0x00007ffca15b6000 	C:\Program Files\JetBrains\PyCharm Community Edition 2021.1.3\jbr\bin\VCRUNTIME140.dll
0x00007ffccaf30000 - 0x00007ffccb0d0000 	C:\Windows\System32\USER32.dll
0x00007ffcc9530000 - 0x00007ffcc9552000 	C:\Windows\System32\win32u.dll
0x00007ffccb330000 - 0x00007ffccb35a000 	C:\Windows\System32\GDI32.dll
0x00007ffcc9720000 - 0x00007ffcc982b000 	C:\Windows\System32\gdi32full.dll
0x00007ffcc9490000 - 0x00007ffcc952d000 	C:\Windows\System32\msvcp_win.dll
0x00007ffcaa610000 - 0x00007ffcaa8aa000 	C:\Windows\WinSxS\amd64_microsoft.windows.common-controls_6595b64144ccf1df_6.0.19041.1110_none_60b5254171f9507e\COMCTL32.dll
0x00007ffcc9bc0000 - 0x00007ffcc9c5e000 	C:\Windows\System32\msvcrt.dll
0x00007ffcc9a80000 - 0x00007ffcc9ab0000 	C:\Windows\System32\IMM32.DLL
0x0000000077330000 - 0x000000007733c000 	C:\Program Files (x86)\360\360Safe\safemon\SafeWrapper.dll
0x00007ffcc9ce0000 - 0x00007ffcc9d8e000 	C:\Windows\System32\ADVAPI32.dll
0x00007ffcc9eb0000 - 0x00007ffcc9f4c000 	C:\Windows\System32\sechost.dll
0x00007ffcca5e0000 - 0x00007ffcca705000 	C:\Windows\System32\RPCRT4.dll
0x00007ffcb95c0000 - 0x00007ffcb9656000 	C:\Program Files (x86)\360\360Safe\safemon\libzdtp64.dll
0x00007ffcca7e0000 - 0x00007ffccaf24000 	C:\Windows\System32\SHELL32.dll
0x00007ffcc9990000 - 0x00007ffcc99e5000 	C:\Windows\System32\SHLWAPI.dll
0x00007ffcc8be0000 - 0x00007ffcc8bea000 	C:\Windows\SYSTEM32\VERSION.dll
0x00007ffc4e590000 - 0x00007ffc4e63a000 	C:\Program Files\JetBrains\PyCharm Community Edition 2021.1.3\jbr\bin\msvcp140.dll
0x00007ffc39a20000 - 0x00007ffc3a59a000 	C:\Program Files\JetBrains\PyCharm Community Edition 2021.1.3\jbr\bin\server\jvm.dll
0x00007ffcca150000 - 0x00007ffcca158000 	C:\Windows\System32\PSAPI.DLL
0x00007ffcae530000 - 0x00007ffcae557000 	C:\Windows\SYSTEM32\WINMM.dll
0x00007ffca8700000 - 0x00007ffca8709000 	C:\Windows\SYSTEM32\WSOCK32.dll
0x00007ffcca710000 - 0x00007ffcca77b000 	C:\Windows\System32\WS2_32.dll
0x00007ffcc7860000 - 0x00007ffcc7872000 	C:\Windows\SYSTEM32\kernel.appcore.dll
0x00007ffca4fa0000 - 0x00007ffca4fb1000 	C:\Program Files\JetBrains\PyCharm Community Edition 2021.1.3\jbr\bin\verify.dll
0x00007ffcc7530000 - 0x00007ffcc7714000 	C:\Windows\SYSTEM32\DBGHELP.DLL
0x00007ffcab800000 - 0x00007ffcab82c000 	C:\Windows\SYSTEM32\dbgcore.DLL
0x00007ffcc93d0000 - 0x00007ffcc9452000 	C:\Windows\System32\bcryptPrimitives.dll
0x00007ffca16c0000 - 0x00007ffca16e9000 	C:\Program Files\JetBrains\PyCharm Community Edition 2021.1.3\jbr\bin\java.dll
0x00007ffcc1290000 - 0x00007ffcc129b000 	C:\Program Files\JetBrains\PyCharm Community Edition 2021.1.3\jbr\bin\jimage.dll
0x00007ffca4af0000 - 0x00007ffca4b09000 	C:\Program Files\JetBrains\PyCharm Community Edition 2021.1.3\jbr\bin\zip.dll

dbghelp: loaded successfully - version: 4.0.5 - missing functions: none
symbol engine: initialized successfully - sym options: 0x614 - pdb path: .;C:\Program Files\JetBrains\PyCharm Community Edition 2021.1.3\jbr\bin;C:\Windows\SYSTEM32;C:\Windows\WinSxS\amd64_microsoft.windows.common-controls_6595b64144ccf1df_6.0.19041.1110_none_60b5254171f9507e;C:\Program Files (x86)\360\360Safe\safemon;C:\Program Files\JetBrains\PyCharm Community Edition 2021.1.3\jbr\bin\server

VM Arguments:
java_command: git4idea.http.GitAskPassApp Username for 'https://gitee.com': 
java_class_path (initial): C:/Program Files/JetBrains/PyCharm Community Edition 2021.1.3/plugins/git4idea/lib/git4idea-rt.jar;C:/Program Files/JetBrains/PyCharm Community Edition 2021.1.3/lib/externalProcess-rt.jar;C:/Program Files/JetBrains/PyCharm Community Edition 2021.1.3/lib/app.jar;C:/Program Files/JetBrains/PyCharm Community Edition 2021.1.3/lib/3rd-party-rt.jar
Launcher Type: SUN_STANDARD

[Global flags]
     intx CICompilerCount                          = 4                                         {product} {ergonomic}
     uint ConcGCThreads                            = 2                                         {product} {ergonomic}
     uint G1ConcRefinementThreads                  = 8                                         {product} {ergonomic}
   size_t G1HeapRegionSize                         = 1048576                                   {product} {ergonomic}
    uintx GCDrainStackTargetSize                   = 64                                        {product} {ergonomic}
   size_t InitialHeapSize                          = 266338304                                 {product} {ergonomic}
   size_t MarkStackSize                            = 4194304                                   {product} {ergonomic}
   size_t MaxHeapSize                              = 4242538496                                {product} {ergonomic}
   size_t MinHeapDeltaBytes                        = 1048576                                   {product} {ergonomic}
    uintx NonNMethodCodeHeapSize                   = 5836300                                {pd product} {ergonomic}
    uintx NonProfiledCodeHeapSize                  = 122910970                              {pd product} {ergonomic}
    uintx ProfiledCodeHeapSize                     = 122910970                              {pd product} {ergonomic}
    uintx ReservedCodeCacheSize                    = 251658240                              {pd product} {ergonomic}
     bool SegmentedCodeCache                       = true                                      {product} {ergonomic}
     bool UseCompressedClassPointers               = true                                 {lp64_product} {ergonomic}
     bool UseCompressedOops                        = true                                 {lp64_product} {ergonomic}
     bool UseG1GC                                  = true                                      {product} {ergonomic}
     bool UseLargePagesIndividualAllocation        = false                                  {pd product} {ergonomic}

Logging:
Log output configuration:
 #0: stdout all=warning uptime,level,tags
 #1: stderr all=off uptime,level,tags

Environment Variables:
JAVA_HOME=C:\Program Files\Java\jdk1.8.0_40
CLASSPATH=.
PATH=C:/Program Files/Git/mingw64/libexec/git-core;C:/Program Files/Git/mingw64/libexec/git-core;C:\Program Files\Git\mingw64\bin;C:\Program Files\Git\usr\bin;C:\Users\lc\bin;C:\Program Files\National Instruments\Shared\OpenVINO\;C:\Program Files (x86)\NVIDIA Corporation\PhysX\Common;C:\Program Files\Python39\Scripts\;C:\Program Files\Python39\;C:\Program Files\Python38\Scripts\;C:\Program Files\Python38\;C:\Program Files\Python37\Scripts\;C:\Program Files\Python37\;C:\Program Files\Python310\Scripts\;C:\Program Files\Python310\;C:\Program Files\Java\jdk1.8.0_40\bin;C:\ProgramData\Oracle\Java\javapath;C:\Program Files (x86)\Common Files\Oracle\Java\javapath;C:\Windows\system32;C:\Windows;C:\Windows\System32\Wbem;C:\Windows\System32\WindowsPowerShell\v1.0\;C:\Windows\System32\OpenSSH\;C:\Users\lc\AppData\Roaming\Python\Python39\Scripts;C:\Program Files\nodejs\;C:\Program Files\Python310\;C:\Program Files\Git\cmd;C:\Program Files (x86)\Tencent\微信web开发者工具\dll;C:\Use;s\lc\AppData\Roaming\Python\Python39\site-packages\poppler-0.68.0;C:\Program Files\Microsoft SQL Server\Client SDK\ODBC\110\Tools\Binn\;C:\Program Files (x86)\Microsoft SQL Server\120\Tools\Binn\;C:\Program Files\Microsoft SQL Server\120\Tools\Binn\;C:\Program Files\Microsoft SQL Server\120\DTS\Binn\;C:\Program Files (x86)\Windows Kits\8.1\Windows Performance Toolkit\;C:\Program Files\Go\bin;C:\Users\lc\AppData\Local\Microsoft\WindowsApps;C:\Program Files\JetBrains\PyCharm Community Edition 2021.1.3\bin;C:\Program Files\JetBrains\IntelliJ IDEA Community Edition 2021.1.3\bin;D:\Develop\nodejs\node_global;C:\Program Files (x86)\GnuWin32\bin;C:\Users\lc\AppData\Local\GitHubDesktop\bin;C:\Users\lc\AppData\Local\Programs\EmEditor;C:\Program Files\FFmpeg\ffmpeg-4.4.1-full_build\bin;C:\Users\lc\pngquant;E:\Develop\nodejs\node_global;C:\Users\lc\go\bin
USERNAME=lc
DISPLAY=:0.0
LC_ALL=en_US.UTF-8
OS=Windows_NT
PROCESSOR_IDENTIFIER=Intel64 Family 6 Model 140 Stepping 1, GenuineIntel



---------------  S Y S T E M  ---------------

OS: Windows 10 , 64 bit Build 19041 (10.0.19041.1889)
OS uptime: 6 days 0:30 hours

CPU:total 8 (initial active 8) (4 cores per cpu, 2 threads per core) family 6 model 140 stepping 1 microcode 0x68, cmov, cx8, fxsr, mmx, sse, sse2, sse3, ssse3, sse4.1, sse4.2, popcnt, avx, avx2, aes, clmul, erms, 3dnowpref, lzcnt, ht, tsc, tscinvbit, bmi1, bmi2, adx, evex, sha, fma

Memory: 4k page, system-wide physical 16183M (5064M free)
TotalPageFile size 16936M (AvailPageFile size 238M)
current process WorkingSet (physical memory assigned to process): 12M, peak: 12M
current process commit charge ("private bytes"): 61M, peak: 315M

vm_info: OpenJDK 64-Bit Server VM (11.0.14.1+1-b2043.25) for windows-amd64 JRE (11.0.14.1+1-b2043.25), built on Mar 30 2022 06:22:56 by "" with MS VC++ 14.0 (VS2015)

END.
